Start testing: Mar 13 18:18 Hora oficial do Brasil
----------------------------------------------------------
1/2 Testing: calculator_test_name
1/2 Test: calculator_test_name
Command: "C:/Users/tulio/Repo/AED/build/tests/test_calculadora.exe"
Directory: C:/Users/tulio/Repo/AED/build/tests
"calculator_test_name" start time: Mar 13 18:18 Hora oficial do Brasil
Output:
----------------------------------------------------------
C:/Users/tulio/Repo/AED/tests/test_calculadora.c:21:test_soma:PASS

-----------------------
1 Tests 0 Failures 0 Ignored 
OK
<end of output>
Test time =   0.01 sec
----------------------------------------------------------
Test Passed.
"calculator_test_name" end time: Mar 13 18:18 Hora oficial do Brasil
"calculator_test_name" time elapsed: 00:00:00
----------------------------------------------------------

2/2 Testing: linked_list_test_name
2/2 Test: linked_list_test_name
Command: "C:/Users/tulio/Repo/AED/build/tests/linked_test.exe"
Directory: C:/Users/tulio/Repo/AED/build/tests
"linked_list_test_name" start time: Mar 13 18:18 Hora oficial do Brasil
Output:
----------------------------------------------------------
C:/Users/tulio/Repo/AED/tests/list_linked_test.c:135:test_initList:PASS
C:/Users/tulio/Repo/AED/tests/list_linked_test.c:136:test_insertNode:PASS
C:/Users/tulio/Repo/AED/tests/list_linked_test.c:137:test_deleteNode:PASS
C:/Users/tulio/Repo/AED/tests/list_linked_test.c:138:test_deleteNode_not_found:PASS
C:/Users/tulio/Repo/AED/tests/list_linked_test.c:139:test_deleteNode_empty_list:PASS
C:/Users/tulio/Repo/AED/tests/list_linked_test.c:140:test_insertNode_full_list:PASS
C:/Users/tulio/Repo/AED/tests/list_linked_test.c:141:test_insert_delete_insert:PASS

-----------------------
7 Tests 0 Failures 0 Ignored 
OK
<end of output>
Test time =   0.08 sec
----------------------------------------------------------
Test Passed.
"linked_list_test_name" end time: Mar 13 18:18 Hora oficial do Brasil
"linked_list_test_name" time elapsed: 00:00:00
----------------------------------------------------------

End testing: Mar 13 18:18 Hora oficial do Brasil
